<?xml version="1.0" encoding="utf-8" ?>
<!DOCTYPE html PUBLIC "-//W3C//DTD XHTML 1.0 Strict//EN"
        "http://www.w3.org/TR/xhtml1/DTD/xhtml1-strict.dtd">
<html xmlns="http://www.w3.org/1999/xhtml" xml:lang="" lang="">
<head>
  <title>Test Results Report - Run on Firefox</title>
  <meta http-equiv="Content-Type" content="text/html;charset=utf-8" />
  <meta name="description" content="TestNG unit test results." />
  <link href="reportng.css" rel="stylesheet" type="text/css" />
    <script type="text/javascript" src="reportng.js"></script>
</head>
<body>
<h1>Run on Firefox</h1>
<p>
  Test duration: 35.896s
</p>



  <table class="resultsTable">
    <tr><th colspan="3" class="header failed">Failed Tests</th></tr>
          <tr>
        <td colspan="3" class="group">com.ultimateqa.testcases.FirstTest_UltimateQA</td>
      </tr>
            
<tr>
  <td class="method">
                  Test02_VerifyFooter
      </td>
  <td class="duration">
    30.312s
  </td>
  <td class="result">
        
          <i>Method arguments: </i><span class="arguments">public void com.ultimateqa.testcases.FirstTest_UltimateQA.Test02_VerifyFooter(java.lang.reflect.Method)</span><br />
    
            <div class="testOutput">
                        <br><a target="_blank" href="file:///C:\Users\Admin\Documents\InforTrack_UltimateQA\reportNGImage\Test02_VerifyFooter_20_07_2024_02_21_52.png"><img src="file:///C:\Users\Admin\Documents\InforTrack_UltimateQA\reportNGImage\Test02_VerifyFooter_20_07_2024_02_21_52.png" height='100' width='150'/> </a></br>
                  </div>
    

        <a href="javascript:toggleElement('exception-0', 'block')" title="Click to expand/collapse"><b>org.openqa.selenium.TimeoutException: Expected condition failed: waiting for visibility of element located by By.xpath: ///footer//*[contains(@id,&apos;menu-footer-main-menu&apos;)]//*[contains(text(),&apos;Java SDET Academy&apos;)] (tried for 30 second(s) with 500 milliseconds interval)</b></a><br />
    <div class="stackTrace" id="exception-0">
              org.openqa.selenium.support.ui.WebDriverWait.timeoutException(WebDriverWait.java:95)<br />
              org.openqa.selenium.support.ui.FluentWait.until(FluentWait.java:272)<br />
              common.BasePage.waitForElementVisible(BasePage.java:602)<br />
              pageObject.ultimateQA.PageObjectUltimateQAautomation.verifyFooterVisible(PageObjectUltimateQAautomation.java:21)<br />
              com.ultimateqa.testcases.FirstTest_UltimateQA.Test02_VerifyFooter(FirstTest_UltimateQA.java:40)<br />
              java.base/jdk.internal.reflect.NativeMethodAccessorImpl.invoke0(Native Method)<br />
              java.base/jdk.internal.reflect.NativeMethodAccessorImpl.invoke(NativeMethodAccessorImpl.java:77)<br />
              java.base/jdk.internal.reflect.DelegatingMethodAccessorImpl.invoke(DelegatingMethodAccessorImpl.java:43)<br />
              java.base/java.lang.reflect.Method.invoke(Method.java:568)<br />
              org.testng.internal.MethodInvocationHelper.invokeMethod(MethodInvocationHelper.java:124)<br />
              org.testng.internal.Invoker.invokeMethod(Invoker.java:583)<br />
              org.testng.internal.Invoker.invokeTestMethod(Invoker.java:719)<br />
              org.testng.internal.Invoker.invokeTestMethods(Invoker.java:989)<br />
              org.testng.internal.TestMethodWorker.invokeTestMethods(TestMethodWorker.java:125)<br />
              org.testng.internal.TestMethodWorker.run(TestMethodWorker.java:109)<br />
              org.testng.TestRunner.privateRun(TestRunner.java:648)<br />
              org.testng.TestRunner.run(TestRunner.java:505)<br />
              org.testng.SuiteRunner.runTest(SuiteRunner.java:455)<br />
              org.testng.SuiteRunner.runSequentially(SuiteRunner.java:450)<br />
              org.testng.SuiteRunner.privateRun(SuiteRunner.java:415)<br />
              org.testng.SuiteRunner.run(SuiteRunner.java:364)<br />
              org.testng.SuiteRunnerWorker.runSuite(SuiteRunnerWorker.java:52)<br />
              org.testng.SuiteRunnerWorker.run(SuiteRunnerWorker.java:84)<br />
              org.testng.TestNG.runSuitesSequentially(TestNG.java:1208)<br />
              org.testng.TestNG.runSuitesLocally(TestNG.java:1137)<br />
              org.testng.TestNG.runSuites(TestNG.java:1049)<br />
              org.testng.TestNG.run(TestNG.java:1017)<br />
              org.testng.remote.AbstractRemoteTestNG.run(AbstractRemoteTestNG.java:115)<br />
              org.testng.remote.RemoteTestNG.initAndRun(RemoteTestNG.java:293)<br />
              org.testng.remote.RemoteTestNG.main(RemoteTestNG.java:91)<br />
                    <b>Caused by: </b> <a href="javascript:toggleElement('exception-1', 'block')" title="Click to expand/collapse">org.openqa.selenium.InvalidSelectorException: Given xpath expression &quot;///footer//*[contains(@id,&apos;menu-footer-main-menu&apos;)]//*[contains(text(),&apos;Java SDET Academy&apos;)]&quot; is invalid: SyntaxError: Document.evaluate: The expression is not a legal expression<br/>
For documentation on this error, please visit: https://www.seleniumhq.org/exceptions/invalid_selector_exception.html<br/>
Build info: version: &apos;3.141.59&apos;, revision: &apos;e82be7d358&apos;, time: &apos;2018-11-14T08:17:03&apos;<br/>
System info: host: &apos;DESKTOP-NSTF48G&apos;, ip: &apos;172.22.128.1&apos;, os.name: &apos;Windows 10&apos;, os.arch: &apos;amd64&apos;, os.version: &apos;10.0&apos;, java.version: &apos;17.0.5&apos;<br/>
Driver info: org.openqa.selenium.firefox.FirefoxDriver<br/>
Capabilities {acceptInsecureCerts: true, browserName: firefox, browserVersion: 112.0.2, javascriptEnabled: true, moz:accessibilityChecks: false, moz:buildID: 20230424110519, moz:geckodriverVersion: 0.33.0, moz:headless: false, moz:platformVersion: 10.0, moz:processID: 23604, moz:profile: C:\Users\Admin\AppData\Loca..., moz:shutdownTimeout: 60000, moz:useNonSpecCompliantPointerOrigin: false, moz:webdriverClick: true, moz:windowless: false, pageLoadStrategy: normal, platform: WINDOWS, platformName: WINDOWS, proxy: Proxy(), setWindowRect: true, strictFileInteractability: false, timeouts: {implicit: 0, pageLoad: 300000, script: 30000}, unhandledPromptBehavior: dismiss and notify}<br/>
Session ID: 3287cdad-57ef-47c7-9ffe-f3788f89707b<br/>
*** Element info: {Using=xpath, value=///footer//*[contains(@id,&apos;menu-footer-main-menu&apos;)]//*[contains(text(),&apos;Java SDET Academy&apos;)]}</a><br />
        <div class="stackTrace" id="exception-1">
                      jdk.internal.reflect.GeneratedConstructorAccessor13.newInstance(Unknown Source)<br />
                      java.base/jdk.internal.reflect.DelegatingConstructorAccessorImpl.newInstance(DelegatingConstructorAccessorImpl.java:45)<br />
                      java.base/java.lang.reflect.Constructor.newInstanceWithCaller(Constructor.java:499)<br />
                      java.base/java.lang.reflect.Constructor.newInstance(Constructor.java:480)<br />
                      org.openqa.selenium.remote.http.W3CHttpResponseCodec.createException(W3CHttpResponseCodec.java:187)<br />
                      org.openqa.selenium.remote.http.W3CHttpResponseCodec.decode(W3CHttpResponseCodec.java:122)<br />
                      org.openqa.selenium.remote.http.W3CHttpResponseCodec.decode(W3CHttpResponseCodec.java:49)<br />
                      org.openqa.selenium.remote.HttpCommandExecutor.execute(HttpCommandExecutor.java:158)<br />
                      org.openqa.selenium.remote.service.DriverCommandExecutor.execute(DriverCommandExecutor.java:83)<br />
                      org.openqa.selenium.remote.RemoteWebDriver.execute(RemoteWebDriver.java:552)<br />
                      org.openqa.selenium.remote.RemoteWebDriver.findElement(RemoteWebDriver.java:323)<br />
                      org.openqa.selenium.remote.RemoteWebDriver.findElementByXPath(RemoteWebDriver.java:428)<br />
                      org.openqa.selenium.By$ByXPath.findElement(By.java:353)<br />
                      org.openqa.selenium.remote.RemoteWebDriver.findElement(RemoteWebDriver.java:315)<br />
                      org.openqa.selenium.support.ui.ExpectedConditions$7.apply(ExpectedConditions.java:205)<br />
                      org.openqa.selenium.support.ui.ExpectedConditions$7.apply(ExpectedConditions.java:201)<br />
                      org.openqa.selenium.support.ui.FluentWait.until(FluentWait.java:249)<br />
                      common.BasePage.waitForElementVisible(BasePage.java:602)<br />
                      pageObject.ultimateQA.PageObjectUltimateQAautomation.verifyFooterVisible(PageObjectUltimateQAautomation.java:21)<br />
                      com.ultimateqa.testcases.FirstTest_UltimateQA.Test02_VerifyFooter(FirstTest_UltimateQA.java:40)<br />
                      java.base/jdk.internal.reflect.NativeMethodAccessorImpl.invoke0(Native Method)<br />
                      java.base/jdk.internal.reflect.NativeMethodAccessorImpl.invoke(NativeMethodAccessorImpl.java:77)<br />
                      java.base/jdk.internal.reflect.DelegatingMethodAccessorImpl.invoke(DelegatingMethodAccessorImpl.java:43)<br />
                      java.base/java.lang.reflect.Method.invoke(Method.java:568)<br />
                      org.testng.internal.MethodInvocationHelper.invokeMethod(MethodInvocationHelper.java:124)<br />
                      org.testng.internal.Invoker.invokeMethod(Invoker.java:583)<br />
                      org.testng.internal.Invoker.invokeTestMethod(Invoker.java:719)<br />
                      org.testng.internal.Invoker.invokeTestMethods(Invoker.java:989)<br />
                      org.testng.internal.TestMethodWorker.invokeTestMethods(TestMethodWorker.java:125)<br />
                      org.testng.internal.TestMethodWorker.run(TestMethodWorker.java:109)<br />
                      org.testng.TestRunner.privateRun(TestRunner.java:648)<br />
                      org.testng.TestRunner.run(TestRunner.java:505)<br />
                      org.testng.SuiteRunner.runTest(SuiteRunner.java:455)<br />
                      org.testng.SuiteRunner.runSequentially(SuiteRunner.java:450)<br />
                      org.testng.SuiteRunner.privateRun(SuiteRunner.java:415)<br />
                      org.testng.SuiteRunner.run(SuiteRunner.java:364)<br />
                      org.testng.SuiteRunnerWorker.runSuite(SuiteRunnerWorker.java:52)<br />
                      org.testng.SuiteRunnerWorker.run(SuiteRunnerWorker.java:84)<br />
                      org.testng.TestNG.runSuitesSequentially(TestNG.java:1208)<br />
                      org.testng.TestNG.runSuitesLocally(TestNG.java:1137)<br />
                      org.testng.TestNG.runSuites(TestNG.java:1049)<br />
                      org.testng.TestNG.run(TestNG.java:1017)<br />
                      org.testng.remote.AbstractRemoteTestNG.run(AbstractRemoteTestNG.java:115)<br />
                      org.testng.remote.RemoteTestNG.initAndRun(RemoteTestNG.java:293)<br />
                      org.testng.remote.RemoteTestNG.main(RemoteTestNG.java:91)<br />
                  </div>
          </div>
      </td>
</tr>
      </table>


  <table class="resultsTable">
    <tr><th colspan="3" class="header passed">Passed Tests</th></tr>
          <tr>
        <td colspan="3" class="group">com.ultimateqa.testcases.FirstTest_UltimateQA</td>
      </tr>
            
<tr>
  <td class="method">
                  Test01_VerifyHeader
      </td>
  <td class="duration">
    0.263s
  </td>
  <td class="result">
        
          <i>Method arguments: </i><span class="arguments">public void com.ultimateqa.testcases.FirstTest_UltimateQA.Test01_VerifyHeader(java.lang.reflect.Method)</span><br />
    
        

      </td>
</tr>
      </table>
  
</body>
</html>
