<!DOCTYPE html PUBLIC "-//W3C//DTD XHTML 1.1//EN" "http://www.w3.org/TR/xhtml11/DTD/xhtml11.dtd">
<html xmlns="http://www.w3.org/1999/xhtml">
<head>
<meta http-equiv="content-type" content="text/html; charset=UTF-8"/>
<title>TestNG Report</title>
<style type="text/css">table {margin-bottom:10px;border-collapse:collapse;empty-cells:show}th,td {border:1px solid #009;padding:.25em .5em}th {vertical-align:bottom}td {vertical-align:top}table a {font-weight:bold}.stripe td {background-color: #E6EBF9}.num {text-align:right}.passedodd td {background-color: #3F3}.passedeven td {background-color: #0A0}.skippedodd td {background-color: #DDD}.skippedeven td {background-color: #CCC}.failedodd td,.attn {background-color: #F33}.failedeven td,.stripe .attn {background-color: #D00}.stacktrace {white-space:pre;font-family:monospace}.totop {font-size:85%;text-align:center;border-bottom:2px solid #000}.invisible {display:none}</style>
</head>
<body>
<table>
<tr><th>Test</th><th># Passed</th><th># Skipped</th><th># Failed</th><th>Time (ms)</th><th>Included Groups</th><th>Excluded Groups</th></tr>
<tr><th colspan="7">Nopcommerce</th></tr>
<tr><td><a href="#t0">Run on Firefox</a></td><td class="num">1</td><td class="num">0</td><td class="num attn">1</td><td class="num">36,085</td><td></td><td></td></tr>
</table>
<table id='summary'><thead><tr><th>Class</th><th>Method</th><th>Start</th><th>Time (ms)</th></tr></thead><tbody><tr><th colspan="4">Nopcommerce</th></tr></tbody><tbody id="t0"><tr><th colspan="4">Run on Firefox &#8212; failed</th></tr><tr class="failedeven"><td rowspan="1">com.ultimateqa.testcases.FirstTest_UltimateQA</td><td><a href="#m0">Test02_VerifyFooter</a></td><td rowspan="1">1721460082034</td><td rowspan="1">30312</td></tr><tr><th colspan="4">Run on Firefox &#8212; passed</th></tr><tr class="passedeven"><td rowspan="1">com.ultimateqa.testcases.FirstTest_UltimateQA</td><td><a href="#m1">Test01_VerifyHeader</a></td><td rowspan="1">1721460081714</td><td rowspan="1">263</td></tr></tbody>
</table>
<h2>Run on Firefox</h2><h3 id="m0">com.ultimateqa.testcases.FirstTest_UltimateQA#Test02_VerifyFooter</h3><table class="result"><tr class="param"><th>Parameter #1</th></tr><tr class="param stripe"><td>public void com.ultimateqa.testcases.FirstTest_UltimateQA.Test02_VerifyFooter(java.lang.reflect.Method)</td></tr><tr><th>Messages</th></tr><tr><td><div class="messages"><br><a target="_blank" href="file:///C:\Users\Admin\Documents\InforTrack_UltimateQA\reportNGImage\Test02_VerifyFooter_20_07_2024_02_21_52.png"><img src="file:///C:\Users\Admin\Documents\InforTrack_UltimateQA\reportNGImage\Test02_VerifyFooter_20_07_2024_02_21_52.png" height='100' width='150'/> </a></br></div></td></tr><tr><th>Exception</th></tr><tr><td><div class="stacktrace">org.openqa.selenium.TimeoutException: Expected condition failed: waiting for visibility of element located by By.xpath: ///footer//*[contains(@id,&apos;menu-footer-main-menu&apos;)]//*[contains(text(),&apos;Java SDET Academy&apos;)] (tried for 30 second(s) with 500 milliseconds interval)
	at org.openqa.selenium.support.ui.WebDriverWait.timeoutException(WebDriverWait.java:95)
	at org.openqa.selenium.support.ui.FluentWait.until(FluentWait.java:272)
	at common.BasePage.waitForElementVisible(BasePage.java:602)
	at pageObject.ultimateQA.PageObjectUltimateQAautomation.verifyFooterVisible(PageObjectUltimateQAautomation.java:21)
	at com.ultimateqa.testcases.FirstTest_UltimateQA.Test02_VerifyFooter(FirstTest_UltimateQA.java:40)
Caused by: org.openqa.selenium.InvalidSelectorException: Given xpath expression &quot;///footer//*[contains(@id,&apos;menu-footer-main-menu&apos;)]//*[contains(text(),&apos;Java SDET Academy&apos;)]&quot; is invalid: SyntaxError: Document.evaluate: The expression is not a legal expression
For documentation on this error, please visit: https://www.seleniumhq.org/exceptions/invalid_selector_exception.html
Build info: version: &apos;3.141.59&apos;, revision: &apos;e82be7d358&apos;, time: &apos;2018-11-14T08:17:03&apos;
System info: host: &apos;DESKTOP-NSTF48G&apos;, ip: &apos;172.22.128.1&apos;, os.name: &apos;Windows 10&apos;, os.arch: &apos;amd64&apos;, os.version: &apos;10.0&apos;, java.version: &apos;17.0.5&apos;
Driver info: org.openqa.selenium.firefox.FirefoxDriver
Capabilities {acceptInsecureCerts: true, browserName: firefox, browserVersion: 112.0.2, javascriptEnabled: true, moz:accessibilityChecks: false, moz:buildID: 20230424110519, moz:geckodriverVersion: 0.33.0, moz:headless: false, moz:platformVersion: 10.0, moz:processID: 23604, moz:profile: C:\Users\Admin\AppData\Loca..., moz:shutdownTimeout: 60000, moz:useNonSpecCompliantPointerOrigin: false, moz:webdriverClick: true, moz:windowless: false, pageLoadStrategy: normal, platform: WINDOWS, platformName: WINDOWS, proxy: Proxy(), setWindowRect: true, strictFileInteractability: false, timeouts: {implicit: 0, pageLoad: 300000, script: 30000}, unhandledPromptBehavior: dismiss and notify}
Session ID: 3287cdad-57ef-47c7-9ffe-f3788f89707b
*** Element info: {Using=xpath, value=///footer//*[contains(@id,&apos;menu-footer-main-menu&apos;)]//*[contains(text(),&apos;Java SDET Academy&apos;)]}
	at org.openqa.selenium.remote.http.W3CHttpResponseCodec.createException(W3CHttpResponseCodec.java:187)
	at org.openqa.selenium.remote.http.W3CHttpResponseCodec.decode(W3CHttpResponseCodec.java:122)
	at org.openqa.selenium.remote.http.W3CHttpResponseCodec.decode(W3CHttpResponseCodec.java:49)
	at org.openqa.selenium.remote.HttpCommandExecutor.execute(HttpCommandExecutor.java:158)
	at org.openqa.selenium.remote.service.DriverCommandExecutor.execute(DriverCommandExecutor.java:83)
	at org.openqa.selenium.remote.RemoteWebDriver.execute(RemoteWebDriver.java:552)
	at org.openqa.selenium.remote.RemoteWebDriver.findElement(RemoteWebDriver.java:323)
	at org.openqa.selenium.remote.RemoteWebDriver.findElementByXPath(RemoteWebDriver.java:428)
	at org.openqa.selenium.By$ByXPath.findElement(By.java:353)
	at org.openqa.selenium.remote.RemoteWebDriver.findElement(RemoteWebDriver.java:315)
	at org.openqa.selenium.support.ui.ExpectedConditions$7.apply(ExpectedConditions.java:205)
	at org.openqa.selenium.support.ui.ExpectedConditions$7.apply(ExpectedConditions.java:201)
	at org.openqa.selenium.support.ui.FluentWait.until(FluentWait.java:249)
	... 28 more
... Removed 29 stack frames</div></td></tr></table><p class="totop"><a href="#summary">back to summary</a></p>
<h3 id="m1">com.ultimateqa.testcases.FirstTest_UltimateQA#Test01_VerifyHeader</h3><table class="result"><tr class="param"><th>Parameter #1</th></tr><tr class="param stripe"><td>public void com.ultimateqa.testcases.FirstTest_UltimateQA.Test01_VerifyHeader(java.lang.reflect.Method)</td></tr></table><p class="totop"><a href="#summary">back to summary</a></p>
</body>
</html>
